c:\users\zhou\desktop\泡泡堂\paopaot\泡泡堂\x64\debug\vc142.pdb
c:\users\zhou\desktop\泡泡堂\paopaot\泡泡堂\x64\debug\vc142.idb
c:\users\zhou\desktop\泡泡堂\paopaot\泡泡堂\x64\debug\cskin.obj
c:\users\zhou\desktop\泡泡堂\paopaot\泡泡堂\x64\debug\csisterskin.obj
c:\users\zhou\desktop\泡泡堂\paopaot\泡泡堂\x64\debug\cshellstrategyz.obj
c:\users\zhou\desktop\泡泡堂\paopaot\泡泡堂\x64\debug\cshellstrategyc.obj
c:\users\zhou\desktop\泡泡堂\paopaot\泡泡堂\x64\debug\cshellstrategyblue.obj
c:\users\zhou\desktop\泡泡堂\paopaot\泡泡堂\x64\debug\cshellstrategyblack.obj
c:\users\zhou\desktop\泡泡堂\paopaot\泡泡堂\x64\debug\cshellstrategy.obj
c:\users\zhou\desktop\泡泡堂\paopaot\泡泡堂\x64\debug\crideufo.obj
c:\users\zhou\desktop\泡泡堂\paopaot\泡泡堂\x64\debug\cridebulider.obj
c:\users\zhou\desktop\泡泡堂\paopaot\泡泡堂\x64\debug\cride.obj
c:\users\zhou\desktop\泡泡堂\paopaot\泡泡堂\x64\debug\credskin.obj
c:\users\zhou\desktop\泡泡堂\paopaot\泡泡堂\x64\debug\credbaby.obj
c:\users\zhou\desktop\泡泡堂\paopaot\泡泡堂\x64\debug\cplayerfactory.obj
c:\users\zhou\desktop\泡泡堂\paopaot\泡泡堂\x64\debug\cplayer.obj
c:\users\zhou\desktop\泡泡堂\paopaot\泡泡堂\x64\debug\cpirate.obj
c:\users\zhou\desktop\泡泡堂\paopaot\泡泡堂\x64\debug\cobserverjudgehurt.obj
c:\users\zhou\desktop\泡泡堂\paopaot\泡泡堂\x64\debug\cobserver.obj
c:\users\zhou\desktop\泡泡堂\paopaot\泡泡堂\x64\debug\cgreenskin.obj
c:\users\zhou\desktop\泡泡堂\paopaot\泡泡堂\x64\debug\cbrick.obj
c:\users\zhou\desktop\泡泡堂\paopaot\泡泡堂\x64\debug\abstractrolefactory.obj
c:\users\zhou\desktop\泡泡堂\paopaot\泡泡堂\x64\debug\源.obj
c:\users\zhou\desktop\泡泡堂\paopaot\泡泡堂\x64\debug\mmap.obj
c:\users\zhou\desktop\泡泡堂\paopaot\泡泡堂\x64\debug\gameenergy.obj
c:\users\zhou\desktop\泡泡堂\paopaot\泡泡堂\x64\debug\cyellowskin.obj
c:\users\zhou\desktop\泡泡堂\paopaot\泡泡堂\x64\debug\ctoolshoe.obj
c:\users\zhou\desktop\泡泡堂\paopaot\泡泡堂\x64\debug\ctoolshell.obj
c:\users\zhou\desktop\泡泡堂\paopaot\泡泡堂\x64\debug\ctoolpower.obj
c:\users\zhou\desktop\泡泡堂\paopaot\泡泡堂\x64\debug\ctooldecoratorpurplepotion.obj
c:\users\zhou\desktop\泡泡堂\paopaot\泡泡堂\x64\debug\ctooldecorator.obj
c:\users\zhou\desktop\泡泡堂\paopaot\泡泡堂\x64\debug\ctool.obj
c:\users\zhou\desktop\泡泡堂\paopaot\泡泡堂\x64\debug\cskinfactory.obj
c:\users\zhou\desktop\泡泡堂\paopaot\泡泡堂\x64\debug\shell.obj
c:\users\zhou\desktop\泡泡堂\paopaot\x64\debug\泡泡堂.exe
c:\users\zhou\desktop\泡泡堂\paopaot\x64\debug\泡泡堂.ilk
c:\users\zhou\desktop\泡泡堂\paopaot\x64\debug\泡泡堂.pdb
c:\users\zhou\desktop\泡泡堂\paopaot\泡泡堂\x64\debug\泡泡堂.tlog\cl.command.1.tlog
c:\users\zhou\desktop\泡泡堂\paopaot\泡泡堂\x64\debug\泡泡堂.tlog\cl.read.1.tlog
c:\users\zhou\desktop\泡泡堂\paopaot\泡泡堂\x64\debug\泡泡堂.tlog\cl.write.1.tlog
c:\users\zhou\desktop\泡泡堂\paopaot\泡泡堂\x64\debug\泡泡堂.tlog\link.command.1.tlog
c:\users\zhou\desktop\泡泡堂\paopaot\泡泡堂\x64\debug\泡泡堂.tlog\link.read.1.tlog
c:\users\zhou\desktop\泡泡堂\paopaot\泡泡堂\x64\debug\泡泡堂.tlog\link.write.1.tlog
